<?xml version="1.0" encoding="UTF-8"?>
<!-- Generated by org.testng.reporters.JUnitReportReporter -->
<testsuite hostname="DESKTOP-3MTVBSA" failures="0" tests="2" name="appiumset._0_Automation_Main" time="136.685" errors="0" timestamp="2022-10-26T15:09:18 KST" skipped="0">
  <testcase classname="appiumset._0_Automation_Main" name="main" time="69.396"/>
  <system-out/>
  <testcase classname="appiumset._0_Automation_Main" name="main" time="67.289"/>
  <system-out/>
</testsuite> <!-- appiumset._0_Automation_Main -->
