<?xml version="1.0" encoding="UTF-8"?>
<!-- Generated by org.testng.reporters.JUnitReportReporter -->
<testsuite hostname="DESKTOP-H9VDVB7" failures="0" tests="2" name="appiumset._0_Automation_Main" time="169.066" errors="0" timestamp="2022-10-26T14:55:03 KST" skipped="0">
  <testcase classname="appiumset._0_Automation_Main" name="main" time="62.577"/>
  <system-out/>
  <testcase classname="appiumset._0_Automation_Main" name="main" time="106.489"/>
  <system-out/>
</testsuite> <!-- appiumset._0_Automation_Main -->
