<?xml version="1.0" encoding="UTF-8"?>
<!-- Generated by org.testng.reporters.JUnitReportReporter -->
<testsuite hostname="DESKTOP-S395I6J" failures="0" tests="2" name="appiumset._0_Automation_Main" time="35.132" errors="0" timestamp="2022-10-25T11:00:20 KST" skipped="0">
  <testcase classname="appiumset._0_Automation_Main" name="main" time="18.106"/>
  <system-out/>
  <testcase classname="appiumset._0_Automation_Main" name="main" time="17.026"/>
  <system-out/>
</testsuite> <!-- appiumset._0_Automation_Main -->
