<?xml version="1.0" encoding="UTF-8"?>
<!-- Generated by org.testng.reporters.JUnitReportReporter -->
<<<<<<< HEAD
<testsuite hostname="DESKTOP-H9VDVB7" failures="0" tests="2" name="appiumset._0_Automation_Main" time="169.066" errors="0" timestamp="2022-10-26T14:55:03 KST" skipped="0">
  <testcase classname="appiumset._0_Automation_Main" name="main" time="62.577"/>
=======
<testsuite hostname="DESKTOP-3MTVBSA" failures="0" tests="2" name="appiumset._0_Automation_Main" time="136.685" errors="0" timestamp="2022-10-26T15:09:18 KST" skipped="0">
  <testcase classname="appiumset._0_Automation_Main" name="main" time="69.396"/>
>>>>>>> refs/remotes/origin/main
  <system-out/>
<<<<<<< HEAD
  <testcase classname="appiumset._0_Automation_Main" name="main" time="106.489"/>
=======
  <testcase classname="appiumset._0_Automation_Main" name="main" time="67.289"/>
>>>>>>> refs/remotes/origin/main
  <system-out/>
</testsuite> <!-- appiumset._0_Automation_Main -->
