<?xml version="1.0" encoding="UTF-8"?>
<!-- Generated by org.testng.reporters.JUnitReportReporter -->
<testsuite hostname="DESKTOP-H9VDVB7" failures="0" tests="2" name="appiumset._0_Automation_Main" time="76.738" errors="0" timestamp="2022-10-27T10:16:03 KST" skipped="0">
  <testcase classname="appiumset._0_Automation_Main" name="main" time="36.099"/>
  <system-out/>
  <testcase classname="appiumset._0_Automation_Main" name="main" time="40.639"/>
  <system-out/>
</testsuite> <!-- appiumset._0_Automation_Main -->
