<?xml version="1.0" encoding="UTF-8"?>
<!-- Generated by org.testng.reporters.JUnitReportReporter -->
<testsuite hostname="DESKTOP-3MTVBSA" failures="0" tests="2" name="appiumset._0_Automation_Main" time="147.201" errors="0" timestamp="2022-10-27T09:44:58 KST" skipped="0">
  <testcase classname="appiumset._0_Automation_Main" name="main" time="75.882"/>
  <system-out/>
  <testcase classname="appiumset._0_Automation_Main" name="main" time="71.319"/>
  <system-out/>
</testsuite> <!-- appiumset._0_Automation_Main -->
